Using pre-set license
Built from '2020.2/release' branch; Version is '2020.2.2f1 (068178b99f32) revision 426360'; Using compiler version '192528614'; Build Type 'Release'
OS: 'Windows 10 Enterprise; OS build 19041.867; Version 2004; 64bit' Language: 'ru' Physical Memory: 8111 MB
BatchMode: 1, IsHumanControllingUs: 0, StartBugReporterOnCrash: 0, Is64bit: 1, IsPro: 0

 COMMAND LINE ARGUMENTS:
D:\Program files\Unity Editor\2020.2.2f1\Editor\Unity.exe
-adb2
-batchMode
-noUpm
-name
AssetImportWorker0
-projectPath
D:/Projects/Unity/Physics superposition
-logFile
Logs/AssetImportWorker0.log
-srvPort
61939
Successfully changed project path to: D:/Projects/Unity/Physics superposition
D:/Projects/Unity/Physics superposition
Using Asset Import Pipeline V2.
Refreshing native plugins compatible for Editor in 109.98 ms, found 1 plugins.
Preloading 0 native plugins for Editor in 0.00 ms.
Initialize engine version: 2020.2.2f1 (068178b99f32)
[Subsystems] Discovering subsystems at path D:/Program files/Unity Editor/2020.2.2f1/Editor/Data/Resources/UnitySubsystems
[Subsystems] Discovering subsystems at path D:/Projects/Unity/Physics superposition/Assets
GfxDevice: creating device client; threaded=0
Direct3D:
    Version:  Direct3D 11.0 [level 11.1]
    Renderer: NVIDIA GeForce GTX 1650 (ID=0x1f91)
    Vendor:   
    VRAM:     3962 MB
    Driver:   27.21.14.6172
Initialize mono
Mono path[0] = 'D:/Program files/Unity Editor/2020.2.2f1/Editor/Data/Managed'
Mono path[1] = 'D:/Program files/Unity Editor/2020.2.2f1/Editor/Data/MonoBleedingEdge/lib/mono/unityjit'
Mono config path = 'D:/Program files/Unity Editor/2020.2.2f1/Editor/Data/MonoBleedingEdge/etc'
Using monoOptions --debugger-agent=transport=dt_socket,embedding=1,server=y,suspend=n,address=127.0.0.1:56216
Begin MonoManager ReloadAssembly
Registering precompiled unity dll's ...
Register platform support module: D:/Program files/Unity Editor/2020.2.2f1/Editor/Data/PlaybackEngines/WindowsStandaloneSupport/UnityEditor.WindowsStandalone.Extensions.dll
Registered in 0.004343 seconds.
Native extension for WindowsStandalone target not found
Refreshing native plugins compatible for Editor in 84.47 ms, found 1 plugins.
Preloading 0 native plugins for Editor in 0.00 ms.
Invoked RoslynAnalysisRunner static constructor.
RoslynAnalysisRunner will not be running.
RoslynAnalysisRunner has terminated.
Mono: successfully reloaded assembly
- Completed reload, in  3.612 seconds
Platform modules already initialized, skipping
Registering precompiled user dll's ...
Registered in 0.002013 seconds.
Begin MonoManager ReloadAssembly
Native extension for WindowsStandalone target not found
Refreshing native plugins compatible for Editor in 117.79 ms, found 1 plugins.
Preloading 0 native plugins for Editor in 0.00 ms.
Invoked RoslynAnalysisRunner static constructor.
RoslynAnalysisRunner will not be running.
RoslynAnalysisRunner has terminated.
Mono: successfully reloaded assembly
- Completed reload, in  2.661 seconds
Platform modules already initialized, skipping
========================================================================
Worker process is ready to serve import requests
Launched and connected shader compiler UnityShaderCompiler.exe after 0.14 seconds
Refreshing native plugins compatible for Editor in 1.08 ms, found 1 plugins.
Preloading 0 native plugins for Editor in 0.00 ms.
Unloading 1799 Unused Serialized files (Serialized files now loaded: 0)
System memory in use before: 85.8 MB.
System memory in use after: 85.8 MB.

Unloading 24 unused Assets to reduce memory usage. Loaded Objects now: 2246.
Total: 5.799400 ms (FindLiveObjects: 0.445300 ms CreateObjectMapping: 0.189000 ms MarkObjects: 4.770700 ms  DeleteObjects: 0.391000 ms)

========================================================================
Received Import Request.
  path: Assets/Resources/Prefabs/Setup panel.prefab
  artifactKey: Guid(5471c6173af53cf449ba2c9bc6d60770) Importer(815301076,1909f56bfc062723c751e8b465ee728b)
Start importing Assets/Resources/Prefabs/Setup panel.prefab using Guid(5471c6173af53cf449ba2c9bc6d60770) Importer(815301076,1909f56bfc062723c751e8b465ee728b)  -> (artifact id: '60507bdf9308d3de7943140a2408c72c') in 0.255897 seconds
  Import took 0.267695 seconds .

========================================================================
Received Prepare
Refreshing native plugins compatible for Editor in 2.31 ms, found 1 plugins.
Preloading 0 native plugins for Editor in 0.00 ms.
Unloading 10 Unused Serialized files (Serialized files now loaded: 0)
System memory in use before: 51.2 MB.
System memory in use after: 51.2 MB.

Unloading 13 unused Assets to reduce memory usage. Loaded Objects now: 2248.
Total: 4.580300 ms (FindLiveObjects: 0.289900 ms CreateObjectMapping: 0.097200 ms MarkObjects: 4.000100 ms  DeleteObjects: 0.192100 ms)

========================================================================
Received Prepare
Registering precompiled user dll's ...
Registered in 0.002155 seconds.
Begin MonoManager ReloadAssembly
Native extension for WindowsStandalone target not found
Refreshing native plugins compatible for Editor in 0.45 ms, found 1 plugins.
Preloading 0 native plugins for Editor in 0.00 ms.
Invoked RoslynAnalysisRunner static constructor.
RoslynAnalysisRunner will not be running.
RoslynAnalysisRunner has terminated.
Mono: successfully reloaded assembly
- Completed reload, in  1.257 seconds
Platform modules already initialized, skipping
Refreshing native plugins compatible for Editor in 0.64 ms, found 1 plugins.
Preloading 0 native plugins for Editor in 0.00 ms.
Unloading 1793 Unused Serialized files (Serialized files now loaded: 0)
System memory in use before: 86.4 MB.
System memory in use after: 86.4 MB.

Unloading 12 unused Assets to reduce memory usage. Loaded Objects now: 2251.
Total: 5.081700 ms (FindLiveObjects: 0.367200 ms CreateObjectMapping: 0.135400 ms MarkObjects: 4.371000 ms  DeleteObjects: 0.206300 ms)

========================================================================
Received Import Request.
  Time since last request: 194.506423 seconds.
  path: Assets/Scripts/DotHolder.cs
  artifactKey: Guid(478cca90b5c1ee34599dd35555b7ace4) Importer(815301076,1909f56bfc062723c751e8b465ee728b)
Start importing Assets/Scripts/DotHolder.cs using Guid(478cca90b5c1ee34599dd35555b7ace4) Importer(815301076,1909f56bfc062723c751e8b465ee728b)  -> (artifact id: 'd8a32e09521b3b0b1c242fe762690c0b') in 0.048964 seconds
  Import took 0.057959 seconds .

========================================================================
Received Prepare
Registering precompiled user dll's ...
Registered in 0.001932 seconds.
Begin MonoManager ReloadAssembly
Native extension for WindowsStandalone target not found
Refreshing native plugins compatible for Editor in 0.71 ms, found 1 plugins.
Preloading 0 native plugins for Editor in 0.00 ms.
Invoked RoslynAnalysisRunner static constructor.
RoslynAnalysisRunner will not be running.
RoslynAnalysisRunner has terminated.
Mono: successfully reloaded assembly
- Completed reload, in  2.507 seconds
Platform modules already initialized, skipping
Refreshing native plugins compatible for Editor in 0.47 ms, found 1 plugins.
Preloading 0 native plugins for Editor in 0.00 ms.
Unloading 1793 Unused Serialized files (Serialized files now loaded: 0)
System memory in use before: 86.6 MB.
System memory in use after: 86.6 MB.

Unloading 12 unused Assets to reduce memory usage. Loaded Objects now: 2254.
Total: 3.693700 ms (FindLiveObjects: 0.361400 ms CreateObjectMapping: 0.139300 ms MarkObjects: 3.045600 ms  DeleteObjects: 0.145600 ms)

========================================================================
Received Import Request.
  Time since last request: 23.737505 seconds.
  path: Assets/Scripts/UI/DotMover.cs
  artifactKey: Guid(8eed0e05a379c994f9a8242d8f47b442) Importer(815301076,1909f56bfc062723c751e8b465ee728b)
Start importing Assets/Scripts/UI/DotMover.cs using Guid(8eed0e05a379c994f9a8242d8f47b442) Importer(815301076,1909f56bfc062723c751e8b465ee728b)  -> (artifact id: '24725bdaa8444254bf4f8611ed9745bc') in 0.018217 seconds
  Import took 0.025667 seconds .

========================================================================
Received Prepare
Registering precompiled user dll's ...
Registered in 0.002060 seconds.
Begin MonoManager ReloadAssembly
Native extension for WindowsStandalone target not found
Refreshing native plugins compatible for Editor in 0.74 ms, found 1 plugins.
Preloading 0 native plugins for Editor in 0.00 ms.
Invoked RoslynAnalysisRunner static constructor.
RoslynAnalysisRunner will not be running.
RoslynAnalysisRunner has terminated.
Mono: successfully reloaded assembly
- Completed reload, in  1.763 seconds
Platform modules already initialized, skipping
Refreshing native plugins compatible for Editor in 0.74 ms, found 1 plugins.
Preloading 0 native plugins for Editor in 0.00 ms.
Unloading 1792 Unused Serialized files (Serialized files now loaded: 0)
System memory in use before: 87.0 MB.
System memory in use after: 87.0 MB.

Unloading 13 unused Assets to reduce memory usage. Loaded Objects now: 2256.
Total: 5.221500 ms (FindLiveObjects: 0.499500 ms CreateObjectMapping: 0.174600 ms MarkObjects: 4.345700 ms  DeleteObjects: 0.199100 ms)

========================================================================
Received Prepare
Registering precompiled user dll's ...
Registered in 0.002884 seconds.
Begin MonoManager ReloadAssembly
Native extension for WindowsStandalone target not found
Refreshing native plugins compatible for Editor in 0.72 ms, found 1 plugins.
Preloading 0 native plugins for Editor in 0.00 ms.
Invoked RoslynAnalysisRunner static constructor.
RoslynAnalysisRunner will not be running.
RoslynAnalysisRunner has terminated.
Mono: successfully reloaded assembly
- Completed reload, in  2.335 seconds
Platform modules already initialized, skipping
Refreshing native plugins compatible for Editor in 0.52 ms, found 1 plugins.
Preloading 0 native plugins for Editor in 0.00 ms.
Unloading 1792 Unused Serialized files (Serialized files now loaded: 0)
System memory in use before: 87.3 MB.
System memory in use after: 87.3 MB.

Unloading 12 unused Assets to reduce memory usage. Loaded Objects now: 2259.
Total: 2.394600 ms (FindLiveObjects: 0.243300 ms CreateObjectMapping: 0.090700 ms MarkObjects: 1.928100 ms  DeleteObjects: 0.130900 ms)

========================================================================
Received Import Request.
  Time since last request: 54.211186 seconds.
  path: Assets/Scripts/UI/Dot.cs
  artifactKey: Guid(8eed0e05a379c994f9a8242d8f47b442) Importer(815301076,1909f56bfc062723c751e8b465ee728b)
Start importing Assets/Scripts/UI/Dot.cs using Guid(8eed0e05a379c994f9a8242d8f47b442) Importer(815301076,1909f56bfc062723c751e8b465ee728b)  -> (artifact id: '9c84d0ca0c6c52914c89f21bcb7f0cd9') in 0.013010 seconds
  Import took 0.018165 seconds .

========================================================================
Received Import Request.
  Time since last request: 67.156754 seconds.
  path: Assets/Resources/Prefabs/Dot.prefab
  artifactKey: Guid(eaf9907d4db739b4ba7eb4cac94758b6) Importer(815301076,1909f56bfc062723c751e8b465ee728b)
Start importing Assets/Resources/Prefabs/Dot.prefab using Guid(eaf9907d4db739b4ba7eb4cac94758b6) Importer(815301076,1909f56bfc062723c751e8b465ee728b)  -> (artifact id: '1ca1cd5eda33ec7ee66083b53a478b37') in 0.251256 seconds
  Import took 0.259465 seconds .

========================================================================
Received Import Request.
  Time since last request: 8.339387 seconds.
  path: Assets/Resources/Prefabs/Dot.prefab
  artifactKey: Guid(eaf9907d4db739b4ba7eb4cac94758b6) Importer(815301076,1909f56bfc062723c751e8b465ee728b)
Start importing Assets/Resources/Prefabs/Dot.prefab using Guid(eaf9907d4db739b4ba7eb4cac94758b6) Importer(815301076,1909f56bfc062723c751e8b465ee728b)  -> (artifact id: 'd18f90a97ea4118d17232aad7cc74655') in 0.035087 seconds
  Import took 0.048652 seconds .

========================================================================
Received Import Request.
  Time since last request: 83.183087 seconds.
  path: Assets/Scripts/DotHolder.cs
  artifactKey: Guid(478cca90b5c1ee34599dd35555b7ace4) Importer(815301076,1909f56bfc062723c751e8b465ee728b)
Start importing Assets/Scripts/DotHolder.cs using Guid(478cca90b5c1ee34599dd35555b7ace4) Importer(815301076,1909f56bfc062723c751e8b465ee728b)  -> (artifact id: 'f5b74759b5e6a77d137619586f9251cc') in 0.013780 seconds
  Import took 0.019641 seconds .

========================================================================
Received Import Request.
  Time since last request: 88.541871 seconds.
  path: Assets/Resources/Prefabs/Dot.prefab
  artifactKey: Guid(eaf9907d4db739b4ba7eb4cac94758b6) Importer(815301076,1909f56bfc062723c751e8b465ee728b)
Start importing Assets/Resources/Prefabs/Dot.prefab using Guid(eaf9907d4db739b4ba7eb4cac94758b6) Importer(815301076,1909f56bfc062723c751e8b465ee728b)  -> (artifact id: '7beaf161ed689c71ada667f075d30eb4') in 0.039913 seconds
  Import took 0.045521 seconds .

========================================================================
Received Import Request.
  Time since last request: 0.000371 seconds.
  path: Assets/Resources/Prefabs/DotHolder.prefab
  artifactKey: Guid(b6a2b46429e504d43b2e07a5db29862f) Importer(815301076,1909f56bfc062723c751e8b465ee728b)
Start importing Assets/Resources/Prefabs/DotHolder.prefab using Guid(b6a2b46429e504d43b2e07a5db29862f) Importer(815301076,1909f56bfc062723c751e8b465ee728b)  -> (artifact id: 'e456a9857446fbe5cdcd976835e2a478') in 0.005573 seconds
  Import took 0.010920 seconds .

========================================================================
Received Prepare
Registering precompiled user dll's ...
Registered in 0.002592 seconds.
Begin MonoManager ReloadAssembly
Native extension for WindowsStandalone target not found
Refreshing native plugins compatible for Editor in 0.59 ms, found 1 plugins.
Preloading 0 native plugins for Editor in 0.00 ms.
Invoked RoslynAnalysisRunner static constructor.
RoslynAnalysisRunner will not be running.
RoslynAnalysisRunner has terminated.
Mono: successfully reloaded assembly
- Completed reload, in  1.881 seconds
Platform modules already initialized, skipping
Refreshing native plugins compatible for Editor in 0.83 ms, found 1 plugins.
Preloading 0 native plugins for Editor in 0.00 ms.
Unloading 1792 Unused Serialized files (Serialized files now loaded: 0)
System memory in use before: 90.6 MB.
System memory in use after: 90.6 MB.

Unloading 12 unused Assets to reduce memory usage. Loaded Objects now: 2269.
Total: 5.879100 ms (FindLiveObjects: 0.567800 ms CreateObjectMapping: 0.313100 ms MarkObjects: 4.698700 ms  DeleteObjects: 0.296000 ms)

========================================================================
Received Prepare
Registering precompiled user dll's ...
Registered in 0.002010 seconds.
Begin MonoManager ReloadAssembly
Native extension for WindowsStandalone target not found
Refreshing native plugins compatible for Editor in 0.53 ms, found 1 plugins.
Preloading 0 native plugins for Editor in 0.00 ms.
Invoked RoslynAnalysisRunner static constructor.
RoslynAnalysisRunner will not be running.
RoslynAnalysisRunner has terminated.
Mono: successfully reloaded assembly
- Completed reload, in  1.297 seconds
Platform modules already initialized, skipping
Refreshing native plugins compatible for Editor in 0.42 ms, found 1 plugins.
Preloading 0 native plugins for Editor in 0.00 ms.
Unloading 1792 Unused Serialized files (Serialized files now loaded: 0)
System memory in use before: 90.7 MB.
System memory in use after: 90.7 MB.

Unloading 12 unused Assets to reduce memory usage. Loaded Objects now: 2272.
Total: 2.891100 ms (FindLiveObjects: 0.231600 ms CreateObjectMapping: 0.093400 ms MarkObjects: 2.415500 ms  DeleteObjects: 0.149200 ms)

========================================================================
Received Prepare
Registering precompiled user dll's ...
Registered in 0.002534 seconds.
Begin MonoManager ReloadAssembly
Native extension for WindowsStandalone target not found
Refreshing native plugins compatible for Editor in 0.85 ms, found 1 plugins.
Preloading 0 native plugins for Editor in 0.00 ms.
Invoked RoslynAnalysisRunner static constructor.
RoslynAnalysisRunner will not be running.
RoslynAnalysisRunner has terminated.
Mono: successfully reloaded assembly
- Completed reload, in  2.311 seconds
Platform modules already initialized, skipping
Refreshing native plugins compatible for Editor in 0.88 ms, found 1 plugins.
Preloading 0 native plugins for Editor in 0.00 ms.
Unloading 1792 Unused Serialized files (Serialized files now loaded: 0)
System memory in use before: 90.2 MB.
System memory in use after: 90.2 MB.

Unloading 12 unused Assets to reduce memory usage. Loaded Objects now: 2275.
Total: 5.796400 ms (FindLiveObjects: 0.539500 ms CreateObjectMapping: 0.264700 ms MarkObjects: 4.621100 ms  DeleteObjects: 0.366700 ms)

========================================================================
Received Prepare
Registering precompiled user dll's ...
Registered in 0.001549 seconds.
Begin MonoManager ReloadAssembly
Native extension for WindowsStandalone target not found
Refreshing native plugins compatible for Editor in 0.74 ms, found 1 plugins.
Preloading 0 native plugins for Editor in 0.00 ms.
Invoked RoslynAnalysisRunner static constructor.
RoslynAnalysisRunner will not be running.
RoslynAnalysisRunner has terminated.
Mono: successfully reloaded assembly
- Completed reload, in  2.155 seconds
Platform modules already initialized, skipping
Refreshing native plugins compatible for Editor in 0.89 ms, found 1 plugins.
Preloading 0 native plugins for Editor in 0.00 ms.
Unloading 1792 Unused Serialized files (Serialized files now loaded: 0)
System memory in use before: 90.5 MB.
System memory in use after: 90.5 MB.

Unloading 12 unused Assets to reduce memory usage. Loaded Objects now: 2278.
Total: 6.375300 ms (FindLiveObjects: 0.724200 ms CreateObjectMapping: 0.328500 ms MarkObjects: 5.015200 ms  DeleteObjects: 0.304300 ms)

========================================================================
Received Prepare
Registering precompiled user dll's ...
Registered in 0.002188 seconds.
Begin MonoManager ReloadAssembly
Native extension for WindowsStandalone target not found
Refreshing native plugins compatible for Editor in 0.42 ms, found 1 plugins.
Preloading 0 native plugins for Editor in 0.00 ms.
Invoked RoslynAnalysisRunner static constructor.
RoslynAnalysisRunner will not be running.
RoslynAnalysisRunner has terminated.
Mono: successfully reloaded assembly
- Completed reload, in  1.706 seconds
Platform modules already initialized, skipping
Refreshing native plugins compatible for Editor in 0.99 ms, found 1 plugins.
Preloading 0 native plugins for Editor in 0.00 ms.
Unloading 1791 Unused Serialized files (Serialized files now loaded: 0)
System memory in use before: 90.7 MB.
System memory in use after: 90.7 MB.

Unloading 13 unused Assets to reduce memory usage. Loaded Objects now: 2280.
Total: 6.106700 ms (FindLiveObjects: 0.419300 ms CreateObjectMapping: 0.324300 ms MarkObjects: 5.033000 ms  DeleteObjects: 0.326600 ms)

========================================================================
Received Prepare
Registering precompiled user dll's ...
Registered in 0.003369 seconds.
Begin MonoManager ReloadAssembly
Native extension for WindowsStandalone target not found
Refreshing native plugins compatible for Editor in 0.62 ms, found 1 plugins.
Preloading 0 native plugins for Editor in 0.00 ms.
Invoked RoslynAnalysisRunner static constructor.
RoslynAnalysisRunner will not be running.
RoslynAnalysisRunner has terminated.
Mono: successfully reloaded assembly
- Completed reload, in  1.986 seconds
Platform modules already initialized, skipping
Refreshing native plugins compatible for Editor in 0.77 ms, found 1 plugins.
Preloading 0 native plugins for Editor in 0.00 ms.
Unloading 1791 Unused Serialized files (Serialized files now loaded: 0)
System memory in use before: 90.1 MB.
System memory in use after: 90.1 MB.

Unloading 12 unused Assets to reduce memory usage. Loaded Objects now: 2283.
Total: 5.045600 ms (FindLiveObjects: 0.434000 ms CreateObjectMapping: 0.203300 ms MarkObjects: 4.132500 ms  DeleteObjects: 0.272400 ms)

AssetImportWorkerClient::OnTransportError - code=2 error=End of file
